<?xml version="1.0" encoding="UTF-8"?>
<testng-results ignored="0" total="1" passed="1" failed="0" skipped="0">
  <reporter-output>
  </reporter-output>
  <suite started-at="2024-09-06T11:56:44 IST" name="Default suite" finished-at="2024-09-06T11:57:19 IST" duration-ms="35838">
    <groups>
    </groups>
    <test started-at="2024-09-06T11:56:44 IST" name="Default test" finished-at="2024-09-06T11:57:19 IST" duration-ms="35838">
      <class name="TESTCASES.TC01_Nationalities">
        <test-method is-config="true" signature="openChrome()[pri:0, instance:TESTCASES.TC01_Nationalities@3adcc812]" started-at="2024-09-06T11:56:44 IST" name="openChrome" finished-at="2024-09-06T11:57:10 IST" duration-ms="26617" status="PASS">
          <reporter-output>
          </reporter-output>
        </test-method> <!-- openChrome -->
        <test-method signature="MainTest()[pri:0, instance:TESTCASES.TC01_Nationalities@3adcc812]" started-at="2024-09-06T11:57:10 IST" name="MainTest" finished-at="2024-09-06T11:57:19 IST" duration-ms="9164" status="PASS">
          <reporter-output>
          </reporter-output>
        </test-method> <!-- MainTest -->
        <test-method is-config="true" signature="closeBrowser()[pri:0, instance:TESTCASES.TC01_Nationalities@3adcc812]" started-at="2024-09-06T11:57:19 IST" name="closeBrowser" finished-at="2024-09-06T11:57:19 IST" duration-ms="0" status="PASS">
          <reporter-output>
          </reporter-output>
        </test-method> <!-- closeBrowser -->
      </class> <!-- TESTCASES.TC01_Nationalities -->
    </test> <!-- Default test -->
  </suite> <!-- Default suite -->
</testng-results>
